<?xml version="1.0" encoding="UTF-8"?>
<!-- Generated by org.testng.reporters.JUnitXMLReporter -->
<testsuite ignored="0" hostname="Siddhesh-PC" failures="0" tests="5" name="Default test" time="0.503" errors="0" timestamp="2024-03-10T21:02:56 IST">
  <testcase classname="dataprovider.TestExcel" name="getData" time="0.004"/>
  <testcase classname="dataprovider.TestExcel" name="getData" time="0.001"/>
  <testcase classname="dataprovider.TestExcel" name="getData" time="0.001"/>
  <testcase classname="dataprovider.TestExcel" name="getData" time="0.0"/>
  <testcase classname="dataprovider.TestExcel" name="getData" time="0.001"/>
</testsuite> <!-- Default test -->
